0    [main] INFO  eclipse.emf.mwe.core.WorkflowEngine  - --------------------------------------------------------------------------------------
4    [main] INFO  eclipse.emf.mwe.core.WorkflowEngine  - EMF Modeling Workflow Engine 1.2.1, Build v201206110920
5    [main] INFO  eclipse.emf.mwe.core.WorkflowEngine  - (c) 2005-2009 openarchitectureware.org and contributors
5    [main] INFO  eclipse.emf.mwe.core.WorkflowEngine  - --------------------------------------------------------------------------------------
5    [main] INFO  eclipse.emf.mwe.core.WorkflowEngine  - running workflow: C:/Users/Isma/Desktop/eclipse/workspace/NegoServicios/templates/workflow/generator.mwe
5    [main] INFO  eclipse.emf.mwe.core.WorkflowEngine  - 
664  [main] INFO  lipse.emf.mwe.utils.StandaloneSetup  - Registering platform uri 'C:\Users\Isma\Desktop\eclipse\workspace'
1095 [main] INFO  lipse.emf.mwe.utils.StandaloneSetup  - Adding generated EPackage 'es.ua.dlsi.ooh.conceptualView.ConceptualViewPackage'
1214 [main] INFO  lipse.emf.mwe.utils.StandaloneSetup  - Adding generated EPackage 'org.eclipse.gmf.runtime.notation.NotationPackage'
1429 [main] INFO  e.core.container.CompositeComponent  - Workflow: executing workflow workflow::nhibernate::generator.mwe in C:/Users/Isma/Desktop/eclipse/workspace/NegoServicios/templates/workflow/generator.mwe:10
1429 [main] INFO  e.core.container.CompositeComponent  - XmiReader: file 'models/default.domainModel' => slot 'es_ua_dlsi_ooh_conceptual_model'
1748 [main] INFO  e.core.container.CompositeComponent  - CheckComponent: slot es_ua_dlsi_ooh_conceptual_model check file(s): metamodel::Checks 
2486 [main] INFO  e.core.container.CompositeComponent  - Generator(nhibernate.generator): generating 'workflow::nhibernate::workflow::main FOR true' => [../NegoServiciosGen, CONFIGURATION:../NegoServiciosGen(overwrite=false,append=false,fileEncoding=utf-8)]
configuroConf:C:\Users\Isma\AppData\Local\Temp\OOH4RIA8205359996091719139.cfg
enc:utf-8
3872 [main] INFO  and2.pr.ProtectedRegionResolverImpl  - Source scan started ...
4233 [main] INFO  and2.pr.ProtectedRegionResolverImpl  - Source scan finished in 0.361s
4233 [main] INFO  and2.pr.ProtectedRegionResolverImpl  - Files scanned: 97
4233 [main] INFO  and2.pr.ProtectedRegionResolverImpl  - Regions found: 6
enc:utf-8
enc:utf-8
enc:utf-8
enc:utf-8
enc:utf-8
enc:utf-8
enc:utf-8
enc:utf-8
enc:utf-8
enc:utf-8
enc:utf-8
enc:utf-8
enc:utf-8
enc:utf-8
enc:utf-8
enc:utf-8
enc:utf-8
enc:utf-8
enc:utf-8
enc:utf-8
enc:utf-8
enc:utf-8
enc:utf-8
enc:utf-8
enc:utf-8
enc:utf-8
enc:utf-8
enc:utf-8
enc:utf-8
enc:utf-8
enc:utf-8
enc:utf-8
enc:utf-8
enc:utf-8
enc:utf-8
enc:utf-8
enc:utf-8
15610 [main] INFO         org.eclipse.xpand2.Generator  - Written 5 files to outlet [default](../NegoServiciosGen)
15610 [main] INFO         org.eclipse.xpand2.Generator  - Skipped writing of 49 files to outlet [default](../NegoServiciosGen)
15610 [main] INFO  e.core.container.CompositeComponent  - es.ua.dlsi.ooh.persistence.nhibernate.generator.workflowComponents.CreateSolution
15631 [main] INFO  e.core.container.CompositeComponent  - es.ua.dlsi.ooh.persistence.nhibernate.generator.workflowComponents.UpdateSolution
15659 [main] INFO  e.core.container.CompositeComponent  - es.ua.dlsi.ooh.persistence.nhibernate.generator.workflowComponents.CopyDLLs
../NegoServiciosGen\NegoServiciosGenNHibernate\AppLib\Antlr3.Runtime.dll
../NegoServiciosGen\NegoServiciosGenNHibernate\AppLib\Castle.DynamicProxy2.dll
../NegoServiciosGen\NegoServiciosGenNHibernate\AppLib\Iesi.Collections.dll
../NegoServiciosGen\NegoServiciosGenNHibernate\AppLib\LinFu.DynamicProxy.dll
../NegoServiciosGen\NegoServiciosGenNHibernate\AppLib\log4net.dll
../NegoServiciosGen\NegoServiciosGenNHibernate\AppLib\NHibernate.ByteCode.Castle.dll
../NegoServiciosGen\NegoServiciosGenNHibernate\AppLib\NHibernate.ByteCode.LinFu.dll
../NegoServiciosGen\NegoServiciosGenNHibernate\AppLib\NHibernate.dll
../NegoServiciosGen\NegoServiciosGenNHibernate\AppLib\nunit.core.dll
../NegoServiciosGen\NegoServiciosGenNHibernate\AppLib\nunit.framework.dll
15681 [main] INFO  eclipse.emf.mwe.core.WorkflowEngine  - workflow completed in 14254ms!
