0    [main] INFO  eclipse.emf.mwe.core.WorkflowEngine  - --------------------------------------------------------------------------------------
0    [main] INFO  eclipse.emf.mwe.core.WorkflowEngine  - EMF Modeling Workflow Engine 1.2.1, Build v201206110920
0    [main] INFO  eclipse.emf.mwe.core.WorkflowEngine  - (c) 2005-2009 openarchitectureware.org and contributors
0    [main] INFO  eclipse.emf.mwe.core.WorkflowEngine  - --------------------------------------------------------------------------------------
0    [main] INFO  eclipse.emf.mwe.core.WorkflowEngine  - running workflow: C:/Documents and Settings/ooh4riaUser/Desktop/eclipse/workspace/NegoServicios/templates/workflow/generator.mwe
0    [main] INFO  eclipse.emf.mwe.core.WorkflowEngine  - 
731  [main] INFO  lipse.emf.mwe.utils.StandaloneSetup  - Registering platform uri 'C:\Documents and Settings\ooh4riaUser\Desktop\eclipse\workspace'
811  [main] INFO  lipse.emf.mwe.utils.StandaloneSetup  - Adding generated EPackage 'es.ua.dlsi.ooh.conceptualView.ConceptualViewPackage'
921  [main] INFO  lipse.emf.mwe.utils.StandaloneSetup  - Adding generated EPackage 'org.eclipse.gmf.runtime.notation.NotationPackage'
1151 [main] INFO  e.core.container.CompositeComponent  - Workflow: executing workflow workflow::nhibernate::generator.mwe in C:/Documents and Settings/ooh4riaUser/Desktop/eclipse/workspace/NegoServicios/templates/workflow/generator.mwe:10
1151 [main] INFO  e.core.container.CompositeComponent  - XmiReader: file 'models/default.domainModel' => slot 'es_ua_dlsi_ooh_conceptual_model'
1722 [main] INFO  e.core.container.CompositeComponent  - CheckComponent: slot es_ua_dlsi_ooh_conceptual_model check file(s): metamodel::Checks 
2804 [main] INFO  e.core.container.CompositeComponent  - Generator(nhibernate.generator): generating 'workflow::nhibernate::workflow::main FOR true' => [../NegoServiciosGen, CONFIGURATION:../NegoServiciosGen(overwrite=false,append=false,fileEncoding=utf-8)]
configuroConf:C:\DOCUME~1\OOH4RI~1\LOCALS~1\Temp\OOH4RIA6445861368288631255.cfg
enc:utf-8
3294 [main] INFO  and2.pr.ProtectedRegionResolverImpl  - Source scan started ...
3294 [main] INFO  and2.pr.ProtectedRegionResolverImpl  - Source scan finished in 0.0s
3294 [main] INFO  and2.pr.ProtectedRegionResolverImpl  - Files scanned: 4
3294 [main] INFO  and2.pr.ProtectedRegionResolverImpl  - Regions found: 0
enc:utf-8
enc:utf-8
enc:utf-8
enc:utf-8
enc:utf-8
enc:utf-8
enc:utf-8
enc:utf-8
enc:utf-8
enc:utf-8
enc:utf-8
enc:utf-8
enc:utf-8
enc:utf-8
enc:utf-8
enc:utf-8
enc:utf-8
enc:utf-8
enc:utf-8
enc:utf-8
enc:utf-8
enc:utf-8
enc:utf-8
enc:utf-8
enc:utf-8
enc:utf-8
enc:utf-8
enc:utf-8
enc:utf-8
enc:utf-8
enc:utf-8
enc:utf-8
enc:utf-8
enc:utf-8
enc:utf-8
enc:utf-8
enc:utf-8
6058 [main] INFO         org.eclipse.xpand2.Generator  - Written 53 files to outlet [default](../NegoServiciosGen)
6058 [main] INFO         org.eclipse.xpand2.Generator  - Skipped writing of 1 files to outlet [default](../NegoServiciosGen)
6058 [main] INFO  e.core.container.CompositeComponent  - es.ua.dlsi.ooh.persistence.nhibernate.generator.workflowComponents.CreateSolution
6088 [main] INFO  e.core.container.CompositeComponent  - es.ua.dlsi.ooh.persistence.nhibernate.generator.workflowComponents.UpdateSolution
6138 [main] INFO  e.core.container.CompositeComponent  - es.ua.dlsi.ooh.persistence.nhibernate.generator.workflowComponents.CopyDLLs
../NegoServiciosGen\NegoServiciosGenNHibernate\AppLib\Antlr3.Runtime.dll
../NegoServiciosGen\NegoServiciosGenNHibernate\AppLib\Castle.DynamicProxy2.dll
../NegoServiciosGen\NegoServiciosGenNHibernate\AppLib\Iesi.Collections.dll
../NegoServiciosGen\NegoServiciosGenNHibernate\AppLib\LinFu.DynamicProxy.dll
../NegoServiciosGen\NegoServiciosGenNHibernate\AppLib\log4net.dll
../NegoServiciosGen\NegoServiciosGenNHibernate\AppLib\NHibernate.ByteCode.Castle.dll
../NegoServiciosGen\NegoServiciosGenNHibernate\AppLib\NHibernate.ByteCode.LinFu.dll
../NegoServiciosGen\NegoServiciosGenNHibernate\AppLib\NHibernate.dll
../NegoServiciosGen\NegoServiciosGenNHibernate\AppLib\nunit.core.dll
../NegoServiciosGen\NegoServiciosGenNHibernate\AppLib\nunit.framework.dll
6299 [main] INFO  eclipse.emf.mwe.core.WorkflowEngine  - workflow completed in 5148ms!
