d:\visualstudio2013\workspace\pruebainterfaz\pruebainterfaz\debug\vc120.pdb
d:\visualstudio2013\workspace\pruebainterfaz\pruebainterfaz\debug\ui_principal.obj
d:\visualstudio2013\workspace\pruebainterfaz\pruebainterfaz\debug\myform.obj
d:\visualstudio2013\workspace\pruebainterfaz\pruebainterfaz\debug\.netframework,version=v4.5.assemblyattributes.obj
d:\visualstudio2013\workspace\pruebainterfaz\debug\pruebainterfaz.exe
d:\visualstudio2013\workspace\pruebainterfaz\debug\pruebainterfaz.pdb
d:\visualstudio2013\workspace\pruebainterfaz\pruebainterfaz\debug\pruebainterfaz.myform.resources
d:\visualstudio2013\workspace\pruebainterfaz\pruebainterfaz\debug\pruebainterfaz.ui_principal.resources
d:\visualstudio2013\workspace\pruebainterfaz\pruebainterfaz\debug\pruebainterfaz.vcxproj.generateresource.cache
d:\visualstudio2013\workspace\pruebainterfaz\pruebainterfaz\debug\pruebainterfaz.vcxprojresolveassemblyreference.cache
d:\visualstudio2013\workspace\pruebainterfaz\pruebainterfaz\debug\pruebainterfaz.tlog\cl.command.1.tlog
d:\visualstudio2013\workspace\pruebainterfaz\pruebainterfaz\debug\pruebainterfaz.tlog\cl.read.1.tlog
d:\visualstudio2013\workspace\pruebainterfaz\pruebainterfaz\debug\pruebainterfaz.tlog\cl.write.1.tlog
d:\visualstudio2013\workspace\pruebainterfaz\pruebainterfaz\debug\pruebainterfaz.tlog\link.command.1.tlog
d:\visualstudio2013\workspace\pruebainterfaz\pruebainterfaz\debug\pruebainterfaz.tlog\link.read.1.tlog
d:\visualstudio2013\workspace\pruebainterfaz\pruebainterfaz\debug\pruebainterfaz.tlog\link.write.1.tlog
d:\visualstudio2013\workspace\pruebainterfaz\pruebainterfaz\debug\pruebainterfaz.tlog\metagen.read.1.tlog
d:\visualstudio2013\workspace\pruebainterfaz\pruebainterfaz\debug\pruebainterfaz.tlog\metagen.write.1.tlog
d:\visualstudio2013\workspace\pruebainterfaz\pruebainterfaz\debug\pruebainterfaz.tlog\pruebainterfaz.write.1u.tlog
d:\visualstudio2013\workspace\pruebainterfaz\pruebainterfaz\debug\pruebainterfaz.tlog\tzres.dll.bi
